#
# There is insufficient memory for the Java Runtime Environment to continue.
# Native memory allocation (malloc) failed to allocate 32744 bytes for ChunkPool::allocate
# Possible reasons:
#   The system is out of physical RAM or swap space
#   The process is running with CompressedOops enabled, and the Java Heap may be blocking the growth of the native heap
# Possible solutions:
#   Reduce memory load on the system
#   Increase physical memory or swap space
#   Check if swap backing store is full
#   Decrease Java heap size (-Xmx/-Xms)
#   Decrease number of Java threads
#   Decrease Java thread stack sizes (-Xss)
#   Set larger code cache with -XX:ReservedCodeCacheSize=
#   JVM is running with Unscaled Compressed Oops mode in which the Java heap is
#     placed in the first 4GB address space. The Java Heap base address is the
#     maximum limit for the native heap growth. Please use -XX:HeapBaseMinAddress
#     to set the Java Heap base and to place the Java Heap above 4GB virtual address.
# This output file may be truncated or incomplete.
#
#  Out of Memory Error (./src/hotspot/share/memory/arena.cpp:81), pid=10820, tid=26160
#
# JRE version: OpenJDK Runtime Environment (11.0.10) (build 11.0.10+0-b96-7249189)
# Java VM: OpenJDK 64-Bit Server VM (11.0.10+0-b96-7249189, mixed mode, tiered, compressed oops, g1 gc, windows-amd64)
# No core dump will be written. Minidumps are not enabled by default on client versions of Windows
#

---------------  S U M M A R Y ------------

Command Line: --add-opens=java.base/java.util=ALL-UNNAMED --add-opens=java.base/java.lang=ALL-UNNAMED --add-opens=java.base/java.lang.invoke=ALL-UNNAMED --add-opens=java.prefs/java.util.prefs=ALL-UNNAMED -Xmx2048m -Dfile.encoding=UTF-8 -Duser.country=CN -Duser.language=zh -Duser.variant org.gradle.launcher.daemon.bootstrap.GradleDaemon 6.2.1

Host: 12th Gen Intel(R) Core(TM) i5-12500H, 16 cores, 15G,  Windows 10 , 64 bit Build 22621 (10.0.22621.5262)
Time: Thu Jul  3 10:08:12 2025 中国标准时间 elapsed time: 2.094202 seconds (0d 0h 0m 2s)

---------------  T H R E A D  ---------------

Current thread (0x0000010728ee1000):  JavaThread "C2 CompilerThread1" daemon [_thread_in_native, id=26160, stack(0x0000000372300000,0x0000000372400000)]


Current CompileTask:
C2:   2094 2359       4       java.net.URLClassLoader$1::run (5 bytes)

Stack: [0x0000000372300000,0x0000000372400000]
Native frames: (J=compiled Java code, j=interpreted, Vv=VM code, C=native code)
V  [jvm.dll+0x5ecfaa]
V  [jvm.dll+0x722bd5]
V  [jvm.dll+0x72412d]
V  [jvm.dll+0x7247e3]
V  [jvm.dll+0x242928]
V  [jvm.dll+0xbc75b]
V  [jvm.dll+0xbca0c]
V  [jvm.dll+0xbc608]
V  [jvm.dll+0x5cc470]
V  [jvm.dll+0x61cfee]
V  [jvm.dll+0x1980d8]
V  [jvm.dll+0x1fb70e]
V  [jvm.dll+0x1fa7f4]
V  [jvm.dll+0x18354c]
V  [jvm.dll+0x208ee7]
V  [jvm.dll+0x207731]
V  [jvm.dll+0x6eb1cf]
V  [jvm.dll+0x6e3d45]
V  [jvm.dll+0x5ebe96]
C  [ucrtbase.dll+0x29333]
C  [KERNEL32.DLL+0x1259d]
C  [ntdll.dll+0x5af58]


---------------  P R O C E S S  ---------------

Threads class SMR info:
_java_thread_list=0x0000010729514a90, length=29, elements={
0x000001070b833800, 0x0000010727003000, 0x000001072700e800, 0x000001072677b800,
0x000001072677c800, 0x000001072677d800, 0x000001072705c000, 0x0000010727061000,
0x0000010727062000, 0x0000010727174000, 0x00000107271d1800, 0x00000107278d4800,
0x0000010727f60800, 0x0000010728f0c800, 0x000001072737c800, 0x00000107284d7800,
0x0000010729b49800, 0x0000010729172800, 0x0000010728ee1000, 0x00000107293f8000,
0x0000010728799000, 0x000001072906a000, 0x0000010728edb800, 0x0000010728ee2000,
0x0000010728ede800, 0x0000010728ede000, 0x0000010728edc000, 0x0000010728edf800,
0x0000010728edd000
}

Java Threads: ( => current thread )
  0x000001070b833800 JavaThread "main" [_thread_blocked, id=1548, stack(0x0000000370500000,0x0000000370600000)]
  0x0000010727003000 JavaThread "Reference Handler" daemon [_thread_blocked, id=26104, stack(0x0000000370c00000,0x0000000370d00000)]
  0x000001072700e800 JavaThread "Finalizer" daemon [_thread_blocked, id=24432, stack(0x0000000370d00000,0x0000000370e00000)]
  0x000001072677b800 JavaThread "Signal Dispatcher" daemon [_thread_blocked, id=1496, stack(0x0000000370e00000,0x0000000370f00000)]
  0x000001072677c800 JavaThread "Attach Listener" daemon [_thread_blocked, id=21668, stack(0x0000000370f00000,0x0000000371000000)]
  0x000001072677d800 JavaThread "Service Thread" daemon [_thread_blocked, id=26108, stack(0x0000000371000000,0x0000000371100000)]
  0x000001072705c000 JavaThread "C2 CompilerThread0" daemon [_thread_blocked, id=20060, stack(0x0000000371100000,0x0000000371200000)]
  0x0000010727061000 JavaThread "C1 CompilerThread0" daemon [_thread_blocked, id=14364, stack(0x0000000371200000,0x0000000371300000)]
  0x0000010727062000 JavaThread "Sweeper thread" daemon [_thread_blocked, id=12844, stack(0x0000000371300000,0x0000000371400000)]
  0x0000010727174000 JavaThread "C1 CompilerThread1" daemon [_thread_blocked, id=15188, stack(0x0000000371400000,0x0000000371500000)]
  0x00000107271d1800 JavaThread "Common-Cleaner" daemon [_thread_blocked, id=11372, stack(0x0000000371500000,0x0000000371600000)]
  0x00000107278d4800 JavaThread "C1 CompilerThread2" daemon [_thread_blocked, id=7228, stack(0x0000000371900000,0x0000000371a00000)]
  0x0000010727f60800 JavaThread "C1 CompilerThread3" daemon [_thread_blocked, id=1700, stack(0x0000000371a00000,0x0000000371b00000)]
  0x0000010728f0c800 JavaThread "Daemon health stats" [_thread_blocked, id=14308, stack(0x0000000372000000,0x0000000372100000)]
  0x000001072737c800 JavaThread "Incoming local TCP Connector on port 51945" [_thread_in_native, id=25720, stack(0x0000000371700000,0x0000000371800000)]
  0x00000107284d7800 JavaThread "Daemon periodic checks" [_thread_blocked, id=23444, stack(0x0000000371800000,0x0000000371900000)]
  0x0000010729b49800 JavaThread "Daemon" [_thread_blocked, id=25804, stack(0x0000000372100000,0x0000000372200000)]
  0x0000010729172800 JavaThread "Handler for socket connection from /127.0.0.1:51945 to /127.0.0.1:51946" [_thread_in_native, id=25824, stack(0x0000000372200000,0x0000000372300000)]
=>0x0000010728ee1000 JavaThread "C2 CompilerThread1" daemon [_thread_in_native, id=26160, stack(0x0000000372300000,0x0000000372400000)]
  0x00000107293f8000 JavaThread "Cancel handler" [_thread_blocked, id=26156, stack(0x0000000372400000,0x0000000372500000)]
  0x0000010728799000 JavaThread "Daemon worker" [_thread_in_native, id=26152, stack(0x0000000372500000,0x0000000372600000)]
  0x000001072906a000 JavaThread "Asynchronous log dispatcher for DefaultDaemonConnection: socket connection from /127.0.0.1:51945 to /127.0.0.1:51946" [_thread_blocked, id=24604, stack(0x0000000372600000,0x0000000372700000)]
  0x0000010728edb800 JavaThread "Stdin handler" [_thread_blocked, id=26268, stack(0x0000000372700000,0x0000000372800000)]
  0x0000010728ee2000 JavaThread "Thread-8" [_thread_blocked, id=26136, stack(0x0000000372800000,0x0000000372900000)]
  0x0000010728ede800 JavaThread "Cache worker for journal cache (C:\Users\86182\.gradle\caches\journal-1)" [_thread_blocked, id=26348, stack(0x0000000372900000,0x0000000372a00000)]
  0x0000010728ede000 JavaThread "File lock request listener" [_thread_in_native, id=26368, stack(0x0000000372a00000,0x0000000372b00000)]
  0x0000010728edc000 JavaThread "Cache worker for file hash cache (C:\Users\86182\.gradle\caches\6.2.1\fileHashes)" [_thread_blocked, id=24628, stack(0x0000000372b00000,0x0000000372c00000)]
  0x0000010728edf800 JavaThread "Cache worker for checksums cache (D:\yanyan\virtualizationtechnology\textbook\experiment\androidprocedure\humiture\.gradle\checksums)" [_thread_blocked, id=15264, stack(0x0000000373500000,0x0000000373600000)]
  0x0000010728edd000 JavaThread "Cache worker for file hash cache (D:\yanyan\virtualizationtechnology\textbook\experiment\androidprocedure\humiture\.gradle\6.2.1\fileHashes)" [_thread_blocked, id=26488, stack(0x0000000373600000,0x0000000373700000)]

Other Threads:
  0x000001072675f800 VMThread "VM Thread" [stack: 0x0000000370b00000,0x0000000370c00000] [id=26100]
  0x00000107271f0800 WatcherThread [stack: 0x0000000371600000,0x0000000371700000] [id=26084]
  0x000001070b84d800 GCTaskThread "GC Thread#0" [stack: 0x0000000370600000,0x0000000370700000] [id=24820]
  0x0000010727af0000 GCTaskThread "GC Thread#1" [stack: 0x0000000371b00000,0x0000000371c00000] [id=8716]
  0x0000010727af1000 GCTaskThread "GC Thread#2" [stack: 0x0000000371c00000,0x0000000371d00000] [id=956]
  0x0000010727da9800 GCTaskThread "GC Thread#3" [stack: 0x0000000371d00000,0x0000000371e00000] [id=2332]
  0x0000010727daa000 GCTaskThread "GC Thread#4" [stack: 0x0000000371e00000,0x0000000371f00000] [id=26116]
  0x0000010727add000 GCTaskThread "GC Thread#5" [stack: 0x0000000371f00000,0x0000000372000000] [id=17720]
  0x00000107291e1800 GCTaskThread "GC Thread#6" [stack: 0x0000000372c00000,0x0000000372d00000] [id=23932]
  0x0000010728fcd800 GCTaskThread "GC Thread#7" [stack: 0x0000000372d00000,0x0000000372e00000] [id=14900]
  0x0000010728f0b000 GCTaskThread "GC Thread#8" [stack: 0x0000000372e00000,0x0000000372f00000] [id=15340]
  0x00000107291ef800 GCTaskThread "GC Thread#9" [stack: 0x0000000372f00000,0x0000000373000000] [id=8332]
  0x0000010728f2c800 GCTaskThread "GC Thread#10" [stack: 0x0000000373000000,0x0000000373100000] [id=25020]
  0x000001072926a000 GCTaskThread "GC Thread#11" [stack: 0x0000000373100000,0x0000000373200000] [id=8472]
  0x0000010729068000 GCTaskThread "GC Thread#12" [stack: 0x0000000373200000,0x0000000373300000] [id=11392]
  0x000001070b882000 ConcurrentGCThread "G1 Main Marker" [stack: 0x0000000370700000,0x0000000370800000] [id=7236]
  0x000001070b883800 ConcurrentGCThread "G1 Conc#0" [stack: 0x0000000370800000,0x0000000370900000] [id=8720]
  0x0000010728742800 ConcurrentGCThread "G1 Conc#1" [stack: 0x0000000373300000,0x0000000373400000] [id=6892]
  0x00000107282a8800 ConcurrentGCThread "G1 Conc#2" [stack: 0x0000000373400000,0x0000000373500000] [id=2024]
  0x000001072662c800 ConcurrentGCThread "G1 Refine#0" [stack: 0x0000000370900000,0x0000000370a00000] [id=21608]
  0x000001072662d800 ConcurrentGCThread "G1 Young RemSet Sampling" [stack: 0x0000000370a00000,0x0000000370b00000] [id=26096]

Threads with active compile tasks:
C2 CompilerThread1   2151 2359       4       java.net.URLClassLoader$1::run (5 bytes)

VM state:not at safepoint (normal execution)

VM Mutex/Monitor currently owned by a thread: None

Heap address: 0x0000000080000000, size: 2048 MB, Compressed Oops mode: 32-bit
Narrow klass base: 0x0000000000000000, Narrow klass shift: 3
Compressed class space size: 1073741824 Address: 0x0000000100000000

Heap:
 garbage-first heap   total 258048K, used 24261K [0x0000000080000000, 0x0000000100000000)
  region size 1024K, 10 young (10240K), 2 survivors (2048K)
 Metaspace       used 25688K, capacity 26310K, committed 26624K, reserved 1073152K
  class space    used 3265K, capacity 3500K, committed 3584K, reserved 1048576K
Heap Regions: E=young(eden), S=young(survivor), O=old, HS=humongous(starts), HC=humongous(continues), CS=collection set, F=free, A=archive, TAMS=top-at-mark-start (previous, next)
|   0|0x0000000080000000, 0x0000000080100000, 0x0000000080100000|100%| O|  |TAMS 0x0000000080000000, 0x0000000080000000| Untracked 
|   1|0x0000000080100000, 0x0000000080200000, 0x0000000080200000|100%| O|  |TAMS 0x0000000080100000, 0x0000000080100000| Untracked 
|   2|0x0000000080200000, 0x0000000080300000, 0x0000000080300000|100%| O|  |TAMS 0x0000000080200000, 0x0000000080200000| Untracked 
|   3|0x0000000080300000, 0x0000000080400000, 0x0000000080400000|100%|HS|  |TAMS 0x0000000080400000, 0x0000000080300000| Complete 
|   4|0x0000000080400000, 0x0000000080500000, 0x0000000080500000|100%|HC|  |TAMS 0x0000000080500000, 0x0000000080400000| Complete 
|   5|0x0000000080500000, 0x0000000080600000, 0x0000000080600000|100%|HC|  |TAMS 0x0000000080600000, 0x0000000080500000| Complete 
|   6|0x0000000080600000, 0x0000000080700000, 0x0000000080700000|100%| O|  |TAMS 0x0000000080700000, 0x0000000080600000| Untracked 
|   7|0x0000000080700000, 0x0000000080800000, 0x0000000080800000|100%| O|  |TAMS 0x0000000080800000, 0x0000000080700000| Untracked 
|   8|0x0000000080800000, 0x0000000080900000, 0x0000000080900000|100%| O|  |TAMS 0x00000000808cea00, 0x0000000080800000| Untracked 
|   9|0x0000000080900000, 0x0000000080a00000, 0x0000000080a00000|100%| O|  |TAMS 0x0000000080900000, 0x0000000080900000| Untracked 
|  10|0x0000000080a00000, 0x0000000080b00000, 0x0000000080b00000|100%| O|  |TAMS 0x0000000080a00000, 0x0000000080a00000| Untracked 
|  11|0x0000000080b00000, 0x0000000080c00000, 0x0000000080c00000|100%| O|  |TAMS 0x0000000080b00000, 0x0000000080b00000| Untracked 
|  12|0x0000000080c00000, 0x0000000080d00000, 0x0000000080d00000|100%| O|  |TAMS 0x0000000080c00000, 0x0000000080c00000| Untracked 
|  13|0x0000000080d00000, 0x0000000080e00000, 0x0000000080e00000|100%| O|  |TAMS 0x0000000080d00000, 0x0000000080d00000| Untracked 
|  14|0x0000000080e00000, 0x0000000080ee5c00, 0x0000000080f00000| 89%| O|  |TAMS 0x0000000080e00000, 0x0000000080e00000| Untracked 
|  15|0x0000000080f00000, 0x0000000080f00000, 0x0000000081000000|  0%| F|  |TAMS 0x0000000080f00000, 0x0000000080f00000| Untracked 
|  16|0x0000000081000000, 0x0000000081000000, 0x0000000081100000|  0%| F|  |TAMS 0x0000000081000000, 0x0000000081000000| Untracked 
|  17|0x0000000081100000, 0x0000000081100000, 0x0000000081200000|  0%| F|  |TAMS 0x0000000081100000, 0x0000000081100000| Untracked 
|  18|0x0000000081200000, 0x0000000081200000, 0x0000000081300000|  0%| F|  |TAMS 0x0000000081200000, 0x0000000081200000| Untracked 
|  19|0x0000000081300000, 0x0000000081300000, 0x0000000081400000|  0%| F|  |TAMS 0x0000000081300000, 0x0000000081300000| Untracked 
|  20|0x0000000081400000, 0x0000000081400000, 0x0000000081500000|  0%| F|  |TAMS 0x0000000081400000, 0x0000000081400000| Untracked 
|  21|0x0000000081500000, 0x0000000081500000, 0x0000000081600000|  0%| F|  |TAMS 0x0000000081500000, 0x0000000081500000| Untracked 
|  22|0x0000000081600000, 0x0000000081600000, 0x0000000081700000|  0%| F|  |TAMS 0x0000000081600000, 0x0000000081600000| Untracked 
|  23|0x0000000081700000, 0x0000000081700000, 0x0000000081800000|  0%| F|  |TAMS 0x0000000081700000, 0x0000000081700000| Untracked 
|  24|0x0000000081800000, 0x0000000081800000, 0x0000000081900000|  0%| F|  |TAMS 0x0000000081800000, 0x0000000081800000| Untracked 
|  25|0x0000000081900000, 0x0000000081900000, 0x0000000081a00000|  0%| F|  |TAMS 0x0000000081900000, 0x0000000081900000| Untracked 
|  26|0x0000000081a00000, 0x0000000081a00000, 0x0000000081b00000|  0%| F|  |TAMS 0x0000000081a00000, 0x0000000081a00000| Untracked 
|  27|0x0000000081b00000, 0x0000000081b00000, 0x0000000081c00000|  0%| F|  |TAMS 0x0000000081b00000, 0x0000000081b00000| Untracked 
|  28|0x0000000081c00000, 0x0000000081c00000, 0x0000000081d00000|  0%| F|  |TAMS 0x0000000081c00000, 0x0000000081c00000| Untracked 
|  29|0x0000000081d00000, 0x0000000081d00000, 0x0000000081e00000|  0%| F|  |TAMS 0x0000000081d00000, 0x0000000081d00000| Untracked 
|  30|0x0000000081e00000, 0x0000000081e00000, 0x0000000081f00000|  0%| F|  |TAMS 0x0000000081e00000, 0x0000000081e00000| Untracked 
|  31|0x0000000081f00000, 0x0000000081f00000, 0x0000000082000000|  0%| F|  |TAMS 0x0000000081f00000, 0x0000000081f00000| Untracked 
|  32|0x0000000082000000, 0x0000000082000000, 0x0000000082100000|  0%| F|  |TAMS 0x0000000082000000, 0x0000000082000000| Untracked 
|  33|0x0000000082100000, 0x0000000082100000, 0x0000000082200000|  0%| F|  |TAMS 0x0000000082100000, 0x0000000082100000| Untracked 
|  34|0x0000000082200000, 0x0000000082200000, 0x0000000082300000|  0%| F|  |TAMS 0x0000000082200000, 0x0000000082200000| Untracked 
|  35|0x0000000082300000, 0x0000000082300000, 0x0000000082400000|  0%| F|  |TAMS 0x0000000082300000, 0x0000000082300000| Untracked 
|  36|0x0000000082400000, 0x0000000082400000, 0x0000000082500000|  0%| F|  |TAMS 0x0000000082400000, 0x0000000082400000| Untracked 
|  37|0x0000000082500000, 0x0000000082500000, 0x0000000082600000|  0%| F|  |TAMS 0x0000000082500000, 0x0000000082500000| Untracked 
|  38|0x0000000082600000, 0x0000000082600000, 0x0000000082700000|  0%| F|  |TAMS 0x0000000082600000, 0x0000000082600000| Untracked 
|  39|0x0000000082700000, 0x0000000082700000, 0x0000000082800000|  0%| F|  |TAMS 0x0000000082700000, 0x0000000082700000| Untracked 
|  40|0x0000000082800000, 0x0000000082800000, 0x0000000082900000|  0%| F|  |TAMS 0x0000000082800000, 0x0000000082800000| Untracked 
|  41|0x0000000082900000, 0x0000000082900000, 0x0000000082a00000|  0%| F|  |TAMS 0x0000000082900000, 0x0000000082900000| Untracked 
|  42|0x0000000082a00000, 0x0000000082a00000, 0x0000000082b00000|  0%| F|  |TAMS 0x0000000082a00000, 0x0000000082a00000| Untracked 
|  43|0x0000000082b00000, 0x0000000082b00000, 0x0000000082c00000|  0%| F|  |TAMS 0x0000000082b00000, 0x0000000082b00000| Untracked 
|  44|0x0000000082c00000, 0x0000000082c00000, 0x0000000082d00000|  0%| F|  |TAMS 0x0000000082c00000, 0x0000000082c00000| Untracked 
|  45|0x0000000082d00000, 0x0000000082d00000, 0x0000000082e00000|  0%| F|  |TAMS 0x0000000082d00000, 0x0000000082d00000| Untracked 
|  46|0x0000000082e00000, 0x0000000082e00000, 0x0000000082f00000|  0%| F|  |TAMS 0x0000000082e00000, 0x0000000082e00000| Untracked 
|  47|0x0000000082f00000, 0x0000000082f00000, 0x0000000083000000|  0%| F|  |TAMS 0x0000000082f00000, 0x0000000082f00000| Untracked 
|  48|0x0000000083000000, 0x0000000083000000, 0x0000000083100000|  0%| F|  |TAMS 0x0000000083000000, 0x0000000083000000| Untracked 
|  49|0x0000000083100000, 0x0000000083100000, 0x0000000083200000|  0%| F|  |TAMS 0x0000000083100000, 0x0000000083100000| Untracked 
|  50|0x0000000083200000, 0x0000000083200000, 0x0000000083300000|  0%| F|  |TAMS 0x0000000083200000, 0x0000000083200000| Untracked 
|  51|0x0000000083300000, 0x0000000083300000, 0x0000000083400000|  0%| F|  |TAMS 0x0000000083300000, 0x0000000083300000| Untracked 
|  52|0x0000000083400000, 0x0000000083400000, 0x0000000083500000|  0%| F|  |TAMS 0x0000000083400000, 0x0000000083400000| Untracked 
|  53|0x0000000083500000, 0x0000000083500000, 0x0000000083600000|  0%| F|  |TAMS 0x0000000083500000, 0x0000000083500000| Untracked 
|  54|0x0000000083600000, 0x0000000083600000, 0x0000000083700000|  0%| F|  |TAMS 0x0000000083600000, 0x0000000083600000| Untracked 
|  55|0x0000000083700000, 0x0000000083700000, 0x0000000083800000|  0%| F|  |TAMS 0x0000000083700000, 0x0000000083700000| Untracked 
|  56|0x0000000083800000, 0x0000000083800000, 0x0000000083900000|  0%| F|  |TAMS 0x0000000083800000, 0x0000000083800000| Untracked 
|  57|0x0000000083900000, 0x0000000083900000, 0x0000000083a00000|  0%| F|  |TAMS 0x0000000083900000, 0x0000000083900000| Untracked 
|  58|0x0000000083a00000, 0x0000000083a00000, 0x0000000083b00000|  0%| F|  |TAMS 0x0000000083a00000, 0x0000000083a00000| Untracked 
|  59|0x0000000083b00000, 0x0000000083b00000, 0x0000000083c00000|  0%| F|  |TAMS 0x0000000083b00000, 0x0000000083b00000| Untracked 
|  60|0x0000000083c00000, 0x0000000083c00000, 0x0000000083d00000|  0%| F|  |TAMS 0x0000000083c00000, 0x0000000083c00000| Untracked 
|  61|0x0000000083d00000, 0x0000000083d00000, 0x0000000083e00000|  0%| F|  |TAMS 0x0000000083d00000, 0x0000000083d00000| Untracked 
|  62|0x0000000083e00000, 0x0000000083e00000, 0x0000000083f00000|  0%| F|  |TAMS 0x0000000083e00000, 0x0000000083e00000| Untracked 
|  63|0x0000000083f00000, 0x0000000083f00000, 0x0000000084000000|  0%| F|  |TAMS 0x0000000083f00000, 0x0000000083f00000| Untracked 
|  64|0x0000000084000000, 0x0000000084000000, 0x0000000084100000|  0%| F|  |TAMS 0x0000000084000000, 0x0000000084000000| Untracked 
|  65|0x0000000084100000, 0x0000000084100000, 0x0000000084200000|  0%| F|  |TAMS 0x0000000084100000, 0x0000000084100000| Untracked 
|  66|0x0000000084200000, 0x0000000084200000, 0x0000000084300000|  0%| F|  |TAMS 0x0000000084200000, 0x0000000084200000| Untracked 
|  67|0x0000000084300000, 0x0000000084300000, 0x0000000084400000|  0%| F|  |TAMS 0x0000000084300000, 0x0000000084300000| Untracked 
|  68|0x0000000084400000, 0x0000000084400000, 0x0000000084500000|  0%| F|  |TAMS 0x0000000084400000, 0x0000000084400000| Untracked 
|  69|0x0000000084500000, 0x0000000084500000, 0x0000000084600000|  0%| F|  |TAMS 0x0000000084500000, 0x0000000084500000| Untracked 
|  70|0x0000000084600000, 0x0000000084600000, 0x0000000084700000|  0%| F|  |TAMS 0x0000000084600000, 0x0000000084600000| Untracked 
|  71|0x0000000084700000, 0x0000000084700000, 0x0000000084800000|  0%| F|  |TAMS 0x0000000084700000, 0x0000000084700000| Untracked 
|  72|0x0000000084800000, 0x0000000084800000, 0x0000000084900000|  0%| F|  |TAMS 0x0000000084800000, 0x0000000084800000| Untracked 
|  73|0x0000000084900000, 0x0000000084900000, 0x0000000084a00000|  0%| F|  |TAMS 0x0000000084900000, 0x0000000084900000| Untracked 
|  74|0x0000000084a00000, 0x0000000084a00000, 0x0000000084b00000|  0%| F|  |TAMS 0x0000000084a00000, 0x0000000084a00000| Untracked 
|  75|0x0000000084b00000, 0x0000000084b00000, 0x0000000084c00000|  0%| F|  |TAMS 0x0000000084b00000, 0x0000000084b00000| Untracked 
|  76|0x0000000084c00000, 0x0000000084c00000, 0x0000000084d00000|  0%| F|  |TAMS 0x0000000084c00000, 0x0000000084c00000| Untracked 
|  77|0x0000000084d00000, 0x0000000084d00000, 0x0000000084e00000|  0%| F|  |TAMS 0x0000000084d00000, 0x0000000084d00000| Untracked 
|  78|0x0000000084e00000, 0x0000000084e00000, 0x0000000084f00000|  0%| F|  |TAMS 0x0000000084e00000, 0x0000000084e00000| Untracked 
|  79|0x0000000084f00000, 0x0000000084f00000, 0x0000000085000000|  0%| F|  |TAMS 0x0000000084f00000, 0x0000000084f00000| Untracked 
|  80|0x0000000085000000, 0x0000000085000000, 0x0000000085100000|  0%| F|  |TAMS 0x0000000085000000, 0x0000000085000000| Untracked 
|  81|0x0000000085100000, 0x0000000085100000, 0x0000000085200000|  0%| F|  |TAMS 0x0000000085100000, 0x0000000085100000| Untracked 
|  82|0x0000000085200000, 0x0000000085200000, 0x0000000085300000|  0%| F|  |TAMS 0x0000000085200000, 0x0000000085200000| Untracked 
|  83|0x0000000085300000, 0x0000000085300000, 0x0000000085400000|  0%| F|  |TAMS 0x0000000085300000, 0x0000000085300000| Untracked 
|  84|0x0000000085400000, 0x0000000085400000, 0x0000000085500000|  0%| F|  |TAMS 0x0000000085400000, 0x0000000085400000| Untracked 
|  85|0x0000000085500000, 0x0000000085500000, 0x0000000085600000|  0%| F|  |TAMS 0x0000000085500000, 0x0000000085500000| Untracked 
|  86|0x0000000085600000, 0x0000000085600000, 0x0000000085700000|  0%| F|  |TAMS 0x0000000085600000, 0x0000000085600000| Untracked 
|  87|0x0000000085700000, 0x0000000085700000, 0x0000000085800000|  0%| F|  |TAMS 0x0000000085700000, 0x0000000085700000| Untracked 
|  88|0x0000000085800000, 0x0000000085800000, 0x0000000085900000|  0%| F|  |TAMS 0x0000000085800000, 0x0000000085800000| Untracked 
|  89|0x0000000085900000, 0x0000000085900000, 0x0000000085a00000|  0%| F|  |TAMS 0x0000000085900000, 0x0000000085900000| Untracked 
|  90|0x0000000085a00000, 0x0000000085a00000, 0x0000000085b00000|  0%| F|  |TAMS 0x0000000085a00000, 0x0000000085a00000| Untracked 
|  91|0x0000000085b00000, 0x0000000085b00000, 0x0000000085c00000|  0%| F|  |TAMS 0x0000000085b00000, 0x0000000085b00000| Untracked 
|  92|0x0000000085c00000, 0x0000000085c00000, 0x0000000085d00000|  0%| F|  |TAMS 0x0000000085c00000, 0x0000000085c00000| Untracked 
|  93|0x0000000085d00000, 0x0000000085d00000, 0x0000000085e00000|  0%| F|  |TAMS 0x0000000085d00000, 0x0000000085d00000| Untracked 
|  94|0x0000000085e00000, 0x0000000085e00000, 0x0000000085f00000|  0%| F|  |TAMS 0x0000000085e00000, 0x0000000085e00000| Untracked 
|  95|0x0000000085f00000, 0x0000000085f00000, 0x0000000086000000|  0%| F|  |TAMS 0x0000000085f00000, 0x0000000085f00000| Untracked 
|  96|0x0000000086000000, 0x0000000086000000, 0x0000000086100000|  0%| F|  |TAMS 0x0000000086000000, 0x0000000086000000| Untracked 
|  97|0x0000000086100000, 0x0000000086100000, 0x0000000086200000|  0%| F|  |TAMS 0x0000000086100000, 0x0000000086100000| Untracked 
|  98|0x0000000086200000, 0x0000000086200000, 0x0000000086300000|  0%| F|  |TAMS 0x0000000086200000, 0x0000000086200000| Untracked 
|  99|0x0000000086300000, 0x0000000086300000, 0x0000000086400000|  0%| F|  |TAMS 0x0000000086300000, 0x0000000086300000| Untracked 
| 100|0x0000000086400000, 0x0000000086400000, 0x0000000086500000|  0%| F|  |TAMS 0x0000000086400000, 0x0000000086400000| Untracked 
| 101|0x0000000086500000, 0x0000000086500000, 0x0000000086600000|  0%| F|  |TAMS 0x0000000086500000, 0x0000000086500000| Untracked 
| 102|0x0000000086600000, 0x0000000086600000, 0x0000000086700000|  0%| F|  |TAMS 0x0000000086600000, 0x0000000086600000| Untracked 
| 103|0x0000000086700000, 0x0000000086700000, 0x0000000086800000|  0%| F|  |TAMS 0x0000000086700000, 0x0000000086700000| Untracked 
| 104|0x0000000086800000, 0x0000000086800000, 0x0000000086900000|  0%| F|  |TAMS 0x0000000086800000, 0x0000000086800000| Untracked 
| 105|0x0000000086900000, 0x0000000086900000, 0x0000000086a00000|  0%| F|  |TAMS 0x0000000086900000, 0x0000000086900000| Untracked 
| 106|0x0000000086a00000, 0x0000000086a00000, 0x0000000086b00000|  0%| F|  |TAMS 0x0000000086a00000, 0x0000000086a00000| Untracked 
| 107|0x0000000086b00000, 0x0000000086b00000, 0x0000000086c00000|  0%| F|  |TAMS 0x0000000086b00000, 0x0000000086b00000| Untracked 
| 108|0x0000000086c00000, 0x0000000086c00000, 0x0000000086d00000|  0%| F|  |TAMS 0x0000000086c00000, 0x0000000086c00000| Untracked 
| 109|0x0000000086d00000, 0x0000000086d00000, 0x0000000086e00000|  0%| F|  |TAMS 0x0000000086d00000, 0x0000000086d00000| Untracked 
| 110|0x0000000086e00000, 0x0000000086e00000, 0x0000000086f00000|  0%| F|  |TAMS 0x0000000086e00000, 0x0000000086e00000| Untracked 
| 111|0x0000000086f00000, 0x0000000086f00000, 0x0000000087000000|  0%| F|  |TAMS 0x0000000086f00000, 0x0000000086f00000| Untracked 
| 112|0x0000000087000000, 0x0000000087000000, 0x0000000087100000|  0%| F|  |TAMS 0x0000000087000000, 0x0000000087000000| Untracked 
| 113|0x0000000087100000, 0x0000000087100000, 0x0000000087200000|  0%| F|  |TAMS 0x0000000087100000, 0x0000000087100000| Untracked 
| 114|0x0000000087200000, 0x0000000087200000, 0x0000000087300000|  0%| F|  |TAMS 0x0000000087200000, 0x0000000087200000| Untracked 
| 115|0x0000000087300000, 0x0000000087300000, 0x0000000087400000|  0%| F|  |TAMS 0x0000000087300000, 0x0000000087300000| Untracked 
| 116|0x0000000087400000, 0x0000000087400000, 0x0000000087500000|  0%| F|  |TAMS 0x0000000087400000, 0x0000000087400000| Untracked 
| 117|0x0000000087500000, 0x0000000087500000, 0x0000000087600000|  0%| F|  |TAMS 0x0000000087500000, 0x0000000087500000| Untracked 
| 118|0x0000000087600000, 0x0000000087600000, 0x0000000087700000|  0%| F|  |TAMS 0x0000000087600000, 0x0000000087600000| Untracked 
| 119|0x0000000087700000, 0x0000000087700000, 0x0000000087800000|  0%| F|  |TAMS 0x0000000087700000, 0x0000000087700000| Untracked 
| 120|0x0000000087800000, 0x0000000087800000, 0x0000000087900000|  0%| F|  |TAMS 0x0000000087800000, 0x0000000087800000| Untracked 
| 121|0x0000000087900000, 0x0000000087900000, 0x0000000087a00000|  0%| F|  |TAMS 0x0000000087900000, 0x0000000087900000| Untracked 
| 122|0x0000000087a00000, 0x0000000087a00000, 0x0000000087b00000|  0%| F|  |TAMS 0x0000000087a00000, 0x0000000087a00000| Untracked 
| 123|0x0000000087b00000, 0x0000000087b00000, 0x0000000087c00000|  0%| F|  |TAMS 0x0000000087b00000, 0x0000000087b00000| Untracked 
| 124|0x0000000087c00000, 0x0000000087c00000, 0x0000000087d00000|  0%| F|  |TAMS 0x0000000087c00000, 0x0000000087c00000| Untracked 
| 125|0x0000000087d00000, 0x0000000087d00000, 0x0000000087e00000|  0%| F|  |TAMS 0x0000000087d00000, 0x0000000087d00000| Untracked 
| 126|0x0000000087e00000, 0x0000000087e00000, 0x0000000087f00000|  0%| F|  |TAMS 0x0000000087e00000, 0x0000000087e00000| Untracked 
| 127|0x0000000087f00000, 0x0000000087f00000, 0x0000000088000000|  0%| F|  |TAMS 0x0000000087f00000, 0x0000000087f00000| Untracked 
| 128|0x0000000088000000, 0x0000000088000000, 0x0000000088100000|  0%| F|  |TAMS 0x0000000088000000, 0x0000000088000000| Untracked 
| 129|0x0000000088100000, 0x0000000088100000, 0x0000000088200000|  0%| F|  |TAMS 0x0000000088100000, 0x0000000088100000| Untracked 
| 130|0x0000000088200000, 0x0000000088200000, 0x0000000088300000|  0%| F|  |TAMS 0x0000000088200000, 0x0000000088200000| Untracked 
| 131|0x0000000088300000, 0x0000000088300000, 0x0000000088400000|  0%| F|  |TAMS 0x0000000088300000, 0x0000000088300000| Untracked 
| 132|0x0000000088400000, 0x0000000088400000, 0x0000000088500000|  0%| F|  |TAMS 0x0000000088400000, 0x0000000088400000| Untracked 
| 133|0x0000000088500000, 0x0000000088500000, 0x0000000088600000|  0%| F|  |TAMS 0x0000000088500000, 0x0000000088500000| Untracked 
| 134|0x0000000088600000, 0x0000000088600000, 0x0000000088700000|  0%| F|  |TAMS 0x0000000088600000, 0x0000000088600000| Untracked 
| 135|0x0000000088700000, 0x0000000088700000, 0x0000000088800000|  0%| F|  |TAMS 0x0000000088700000, 0x0000000088700000| Untracked 
| 136|0x0000000088800000, 0x0000000088800000, 0x0000000088900000|  0%| F|  |TAMS 0x0000000088800000, 0x0000000088800000| Untracked 
| 137|0x0000000088900000, 0x0000000088900000, 0x0000000088a00000|  0%| F|  |TAMS 0x0000000088900000, 0x0000000088900000| Untracked 
| 138|0x0000000088a00000, 0x0000000088a00000, 0x0000000088b00000|  0%| F|  |TAMS 0x0000000088a00000, 0x0000000088a00000| Untracked 
| 139|0x0000000088b00000, 0x0000000088b00000, 0x0000000088c00000|  0%| F|  |TAMS 0x0000000088b00000, 0x0000000088b00000| Untracked 
| 140|0x0000000088c00000, 0x0000000088c00000, 0x0000000088d00000|  0%| F|  |TAMS 0x0000000088c00000, 0x0000000088c00000| Untracked 
| 141|0x0000000088d00000, 0x0000000088d00000, 0x0000000088e00000|  0%| F|  |TAMS 0x0000000088d00000, 0x0000000088d00000| Untracked 
| 142|0x0000000088e00000, 0x0000000088e00000, 0x0000000088f00000|  0%| F|  |TAMS 0x0000000088e00000, 0x0000000088e00000| Untracked 
| 143|0x0000000088f00000, 0x0000000088f00000, 0x0000000089000000|  0%| F|  |TAMS 0x0000000088f00000, 0x0000000088f00000| Untracked 
| 144|0x0000000089000000, 0x0000000089000000, 0x0000000089100000|  0%| F|  |TAMS 0x0000000089000000, 0x0000000089000000| Untracked 
| 145|0x0000000089100000, 0x0000000089100000, 0x0000000089200000|  0%| F|  |TAMS 0x0000000089100000, 0x0000000089100000| Untracked 
| 146|0x0000000089200000, 0x0000000089200000, 0x0000000089300000|  0%| F|  |TAMS 0x0000000089200000, 0x0000000089200000| Untracked 
| 147|0x0000000089300000, 0x0000000089300000, 0x0000000089400000|  0%| F|  |TAMS 0x0000000089300000, 0x0000000089300000| Untracked 
| 148|0x0000000089400000, 0x0000000089400000, 0x0000000089500000|  0%| F|  |TAMS 0x0000000089400000, 0x0000000089400000| Untracked 
| 149|0x0000000089500000, 0x0000000089500000, 0x0000000089600000|  0%| F|  |TAMS 0x0000000089500000, 0x0000000089500000| Untracked 
| 150|0x0000000089600000, 0x0000000089600000, 0x0000000089700000|  0%| F|  |TAMS 0x0000000089600000, 0x0000000089600000| Untracked 
| 151|0x0000000089700000, 0x0000000089700000, 0x0000000089800000|  0%| F|  |TAMS 0x0000000089700000, 0x0000000089700000| Untracked 
| 152|0x0000000089800000, 0x0000000089800000, 0x0000000089900000|  0%| F|  |TAMS 0x0000000089800000, 0x0000000089800000| Untracked 
| 153|0x0000000089900000, 0x0000000089900000, 0x0000000089a00000|  0%| F|  |TAMS 0x0000000089900000, 0x0000000089900000| Untracked 
| 154|0x0000000089a00000, 0x0000000089a00000, 0x0000000089b00000|  0%| F|  |TAMS 0x0000000089a00000, 0x0000000089a00000| Untracked 
| 155|0x0000000089b00000, 0x0000000089b00000, 0x0000000089c00000|  0%| F|  |TAMS 0x0000000089b00000, 0x0000000089b00000| Untracked 
| 156|0x0000000089c00000, 0x0000000089c00000, 0x0000000089d00000|  0%| F|  |TAMS 0x0000000089c00000, 0x0000000089c00000| Untracked 
| 157|0x0000000089d00000, 0x0000000089d00000, 0x0000000089e00000|  0%| F|  |TAMS 0x0000000089d00000, 0x0000000089d00000| Untracked 
| 158|0x0000000089e00000, 0x0000000089e00000, 0x0000000089f00000|  0%| F|  |TAMS 0x0000000089e00000, 0x0000000089e00000| Untracked 
| 159|0x0000000089f00000, 0x0000000089f00000, 0x000000008a000000|  0%| F|  |TAMS 0x0000000089f00000, 0x0000000089f00000| Untracked 
| 160|0x000000008a000000, 0x000000008a000000, 0x000000008a100000|  0%| F|  |TAMS 0x000000008a000000, 0x000000008a000000| Untracked 
| 161|0x000000008a100000, 0x000000008a100000, 0x000000008a200000|  0%| F|  |TAMS 0x000000008a100000, 0x000000008a100000| Untracked 
| 162|0x000000008a200000, 0x000000008a200000, 0x000000008a300000|  0%| F|  |TAMS 0x000000008a200000, 0x000000008a200000| Untracked 
| 163|0x000000008a300000, 0x000000008a300000, 0x000000008a400000|  0%| F|  |TAMS 0x000000008a300000, 0x000000008a300000| Untracked 
| 164|0x000000008a400000, 0x000000008a400000, 0x000000008a500000|  0%| F|  |TAMS 0x000000008a400000, 0x000000008a400000| Untracked 
| 165|0x000000008a500000, 0x000000008a500000, 0x000000008a600000|  0%| F|  |TAMS 0x000000008a500000, 0x000000008a500000| Untracked 
| 166|0x000000008a600000, 0x000000008a600000, 0x000000008a700000|  0%| F|  |TAMS 0x000000008a600000, 0x000000008a600000| Untracked 
| 167|0x000000008a700000, 0x000000008a700000, 0x000000008a800000|  0%| F|  |TAMS 0x000000008a700000, 0x000000008a700000| Untracked 
| 168|0x000000008a800000, 0x000000008a800000, 0x000000008a900000|  0%| F|  |TAMS 0x000000008a800000, 0x000000008a800000| Untracked 
| 169|0x000000008a900000, 0x000000008a900000, 0x000000008aa00000|  0%| F|  |TAMS 0x000000008a900000, 0x000000008a900000| Untracked 
| 170|0x000000008aa00000, 0x000000008aa00000, 0x000000008ab00000|  0%| F|  |TAMS 0x000000008aa00000, 0x000000008aa00000| Untracked 
| 171|0x000000008ab00000, 0x000000008ab00000, 0x000000008ac00000|  0%| F|  |TAMS 0x000000008ab00000, 0x000000008ab00000| Untracked 
| 172|0x000000008ac00000, 0x000000008ac00000, 0x000000008ad00000|  0%| F|  |TAMS 0x000000008ac00000, 0x000000008ac00000| Untracked 
| 173|0x000000008ad00000, 0x000000008ad00000, 0x000000008ae00000|  0%| F|  |TAMS 0x000000008ad00000, 0x000000008ad00000| Untracked 
| 174|0x000000008ae00000, 0x000000008ae00000, 0x000000008af00000|  0%| F|  |TAMS 0x000000008ae00000, 0x000000008ae00000| Untracked 
| 175|0x000000008af00000, 0x000000008af00000, 0x000000008b000000|  0%| F|  |TAMS 0x000000008af00000, 0x000000008af00000| Untracked 
| 176|0x000000008b000000, 0x000000008b000000, 0x000000008b100000|  0%| F|  |TAMS 0x000000008b000000, 0x000000008b000000| Untracked 
| 177|0x000000008b100000, 0x000000008b100000, 0x000000008b200000|  0%| F|  |TAMS 0x000000008b100000, 0x000000008b100000| Untracked 
| 178|0x000000008b200000, 0x000000008b200000, 0x000000008b300000|  0%| F|  |TAMS 0x000000008b200000, 0x000000008b200000| Untracked 
| 179|0x000000008b300000, 0x000000008b300000, 0x000000008b400000|  0%| F|  |TAMS 0x000000008b300000, 0x000000008b300000| Untracked 
| 180|0x000000008b400000, 0x000000008b400000, 0x000000008b500000|  0%| F|  |TAMS 0x000000008b400000, 0x000000008b400000| Untracked 
| 181|0x000000008b500000, 0x000000008b500000, 0x000000008b600000|  0%| F|  |TAMS 0x000000008b500000, 0x000000008b500000| Untracked 
| 182|0x000000008b600000, 0x000000008b600000, 0x000000008b700000|  0%| F|  |TAMS 0x000000008b600000, 0x000000008b600000| Untracked 
| 183|0x000000008b700000, 0x000000008b700000, 0x000000008b800000|  0%| F|  |TAMS 0x000000008b700000, 0x000000008b700000| Untracked 
| 184|0x000000008b800000, 0x000000008b800000, 0x000000008b900000|  0%| F|  |TAMS 0x000000008b800000, 0x000000008b800000| Untracked 
| 185|0x000000008b900000, 0x000000008b900000, 0x000000008ba00000|  0%| F|  |TAMS 0x000000008b900000, 0x000000008b900000| Untracked 
| 186|0x000000008ba00000, 0x000000008ba00000, 0x000000008bb00000|  0%| F|  |TAMS 0x000000008ba00000, 0x000000008ba00000| Untracked 
| 187|0x000000008bb00000, 0x000000008bb00000, 0x000000008bc00000|  0%| F|  |TAMS 0x000000008bb00000, 0x000000008bb00000| Untracked 
| 188|0x000000008bc00000, 0x000000008bc00000, 0x000000008bd00000|  0%| F|  |TAMS 0x000000008bc00000, 0x000000008bc00000| Untracked 
| 189|0x000000008bd00000, 0x000000008bd00000, 0x000000008be00000|  0%| F|  |TAMS 0x000000008bd00000, 0x000000008bd00000| Untracked 
| 190|0x000000008be00000, 0x000000008be00000, 0x000000008bf00000|  0%| F|  |TAMS 0x000000008be00000, 0x000000008be00000| Untracked 
| 191|0x000000008bf00000, 0x000000008bf00000, 0x000000008c000000|  0%| F|  |TAMS 0x000000008bf00000, 0x000000008bf00000| Untracked 
| 192|0x000000008c000000, 0x000000008c000000, 0x000000008c100000|  0%| F|  |TAMS 0x000000008c000000, 0x000000008c000000| Untracked 
| 193|0x000000008c100000, 0x000000008c100000, 0x000000008c200000|  0%| F|  |TAMS 0x000000008c100000, 0x000000008c100000| Untracked 
| 194|0x000000008c200000, 0x000000008c200000, 0x000000008c300000|  0%| F|  |TAMS 0x000000008c200000, 0x000000008c200000| Untracked 
| 195|0x000000008c300000, 0x000000008c300000, 0x000000008c400000|  0%| F|  |TAMS 0x000000008c300000, 0x000000008c300000| Untracked 
| 196|0x000000008c400000, 0x000000008c400000, 0x000000008c500000|  0%| F|  |TAMS 0x000000008c400000, 0x000000008c400000| Untracked 
| 197|0x000000008c500000, 0x000000008c500000, 0x000000008c600000|  0%| F|  |TAMS 0x000000008c500000, 0x000000008c500000| Untracked 
| 198|0x000000008c600000, 0x000000008c600000, 0x000000008c700000|  0%| F|  |TAMS 0x000000008c600000, 0x000000008c600000| Untracked 
| 199|0x000000008c700000, 0x000000008c700000, 0x000000008c800000|  0%| F|  |TAMS 0x000000008c700000, 0x000000008c700000| Untracked 
| 200|0x000000008c800000, 0x000000008c800000, 0x000000008c900000|  0%| F|  |TAMS 0x000000008c800000, 0x000000008c800000| Untracked 
| 201|0x000000008c900000, 0x000000008c900000, 0x000000008ca00000|  0%| F|  |TAMS 0x000000008c900000, 0x000000008c900000| Untracked 
| 202|0x000000008ca00000, 0x000000008ca00000, 0x000000008cb00000|  0%| F|  |TAMS 0x000000008ca00000, 0x000000008ca00000| Untracked 
| 203|0x000000008cb00000, 0x000000008cb00000, 0x000000008cc00000|  0%| F|  |TAMS 0x000000008cb00000, 0x000000008cb00000| Untracked 
| 204|0x000000008cc00000, 0x000000008cc00000, 0x000000008cd00000|  0%| F|  |TAMS 0x000000008cc00000, 0x000000008cc00000| Untracked 
| 205|0x000000008cd00000, 0x000000008cd00000, 0x000000008ce00000|  0%| F|  |TAMS 0x000000008cd00000, 0x000000008cd00000| Untracked 
| 206|0x000000008ce00000, 0x000000008ce00000, 0x000000008cf00000|  0%| F|  |TAMS 0x000000008ce00000, 0x000000008ce00000| Untracked 
| 207|0x000000008cf00000, 0x000000008cf00000, 0x000000008d000000|  0%| F|  |TAMS 0x000000008cf00000, 0x000000008cf00000| Untracked 
| 208|0x000000008d000000, 0x000000008d000000, 0x000000008d100000|  0%| F|  |TAMS 0x000000008d000000, 0x000000008d000000| Untracked 
| 209|0x000000008d100000, 0x000000008d100000, 0x000000008d200000|  0%| F|  |TAMS 0x000000008d100000, 0x000000008d100000| Untracked 
| 210|0x000000008d200000, 0x000000008d200000, 0x000000008d300000|  0%| F|  |TAMS 0x000000008d200000, 0x000000008d200000| Untracked 
| 211|0x000000008d300000, 0x000000008d300000, 0x000000008d400000|  0%| F|  |TAMS 0x000000008d300000, 0x000000008d300000| Untracked 
| 212|0x000000008d400000, 0x000000008d400000, 0x000000008d500000|  0%| F|  |TAMS 0x000000008d400000, 0x000000008d400000| Untracked 
| 213|0x000000008d500000, 0x000000008d500000, 0x000000008d600000|  0%| F|  |TAMS 0x000000008d500000, 0x000000008d500000| Untracked 
| 214|0x000000008d600000, 0x000000008d600000, 0x000000008d700000|  0%| F|  |TAMS 0x000000008d600000, 0x000000008d600000| Untracked 
| 215|0x000000008d700000, 0x000000008d7cb9f0, 0x000000008d800000| 79%| S|CS|TAMS 0x000000008d700000, 0x000000008d700000| Complete 
| 216|0x000000008d800000, 0x000000008d900000, 0x000000008d900000|100%| S|CS|TAMS 0x000000008d800000, 0x000000008d800000| Complete 
| 217|0x000000008d900000, 0x000000008d900000, 0x000000008da00000|  0%| F|  |TAMS 0x000000008d900000, 0x000000008d900000| Untracked 
| 218|0x000000008da00000, 0x000000008da00000, 0x000000008db00000|  0%| F|  |TAMS 0x000000008da00000, 0x000000008da00000| Untracked 
| 219|0x000000008db00000, 0x000000008db00000, 0x000000008dc00000|  0%| F|  |TAMS 0x000000008db00000, 0x000000008db00000| Untracked 
| 220|0x000000008dc00000, 0x000000008dc00000, 0x000000008dd00000|  0%| F|  |TAMS 0x000000008dc00000, 0x000000008dc00000| Untracked 
| 221|0x000000008dd00000, 0x000000008dd00000, 0x000000008de00000|  0%| F|  |TAMS 0x000000008dd00000, 0x000000008dd00000| Untracked 
| 222|0x000000008de00000, 0x000000008de00000, 0x000000008df00000|  0%| F|  |TAMS 0x000000008de00000, 0x000000008de00000| Untracked 
| 223|0x000000008df00000, 0x000000008df00000, 0x000000008e000000|  0%| F|  |TAMS 0x000000008df00000, 0x000000008df00000| Untracked 
| 224|0x000000008e000000, 0x000000008e000000, 0x000000008e100000|  0%| F|  |TAMS 0x000000008e000000, 0x000000008e000000| Untracked 
| 225|0x000000008e100000, 0x000000008e100000, 0x000000008e200000|  0%| F|  |TAMS 0x000000008e100000, 0x000000008e100000| Untracked 
| 226|0x000000008e200000, 0x000000008e200000, 0x000000008e300000|  0%| F|  |TAMS 0x000000008e200000, 0x000000008e200000| Untracked 
| 227|0x000000008e300000, 0x000000008e300000, 0x000000008e400000|  0%| F|  |TAMS 0x000000008e300000, 0x000000008e300000| Untracked 
| 228|0x000000008e400000, 0x000000008e400000, 0x000000008e500000|  0%| F|  |TAMS 0x000000008e400000, 0x000000008e400000| Untracked 
| 229|0x000000008e500000, 0x000000008e500000, 0x000000008e600000|  0%| F|  |TAMS 0x000000008e500000, 0x000000008e500000| Untracked 
| 230|0x000000008e600000, 0x000000008e600000, 0x000000008e700000|  0%| F|  |TAMS 0x000000008e600000, 0x000000008e600000| Untracked 
| 231|0x000000008e700000, 0x000000008e700000, 0x000000008e800000|  0%| F|  |TAMS 0x000000008e700000, 0x000000008e700000| Untracked 
| 232|0x000000008e800000, 0x000000008e800000, 0x000000008e900000|  0%| F|  |TAMS 0x000000008e800000, 0x000000008e800000| Untracked 
| 233|0x000000008e900000, 0x000000008e900000, 0x000000008ea00000|  0%| F|  |TAMS 0x000000008e900000, 0x000000008e900000| Untracked 
| 234|0x000000008ea00000, 0x000000008ea00000, 0x000000008eb00000|  0%| F|  |TAMS 0x000000008ea00000, 0x000000008ea00000| Untracked 
| 235|0x000000008eb00000, 0x000000008eb00000, 0x000000008ec00000|  0%| F|  |TAMS 0x000000008eb00000, 0x000000008eb00000| Untracked 
| 236|0x000000008ec00000, 0x000000008ec00000, 0x000000008ed00000|  0%| F|  |TAMS 0x000000008ec00000, 0x000000008ec00000| Untracked 
| 237|0x000000008ed00000, 0x000000008ed00000, 0x000000008ee00000|  0%| F|  |TAMS 0x000000008ed00000, 0x000000008ed00000| Untracked 
| 238|0x000000008ee00000, 0x000000008ee00000, 0x000000008ef00000|  0%| F|  |TAMS 0x000000008ee00000, 0x000000008ee00000| Untracked 
| 239|0x000000008ef00000, 0x000000008ef00000, 0x000000008f000000|  0%| F|  |TAMS 0x000000008ef00000, 0x000000008ef00000| Untracked 
| 240|0x000000008f000000, 0x000000008f000000, 0x000000008f100000|  0%| F|  |TAMS 0x000000008f000000, 0x000000008f000000| Untracked 
| 241|0x000000008f100000, 0x000000008f100000, 0x000000008f200000|  0%| F|  |TAMS 0x000000008f100000, 0x000000008f100000| Untracked 
| 242|0x000000008f200000, 0x000000008f200000, 0x000000008f300000|  0%| F|  |TAMS 0x000000008f200000, 0x000000008f200000| Untracked 
| 243|0x000000008f300000, 0x000000008f300000, 0x000000008f400000|  0%| F|  |TAMS 0x000000008f300000, 0x000000008f300000| Untracked 
| 244|0x000000008f400000, 0x000000008f426200, 0x000000008f500000| 14%| E|  |TAMS 0x000000008f400000, 0x000000008f400000| Complete 
| 245|0x000000008f500000, 0x000000008f600000, 0x000000008f600000|100%| E|CS|TAMS 0x000000008f500000, 0x000000008f500000| Complete 
| 246|0x000000008f600000, 0x000000008f700000, 0x000000008f700000|100%| E|CS|TAMS 0x000000008f600000, 0x000000008f600000| Complete 
| 247|0x000000008f700000, 0x000000008f800000, 0x000000008f800000|100%| E|CS|TAMS 0x000000008f700000, 0x000000008f700000| Complete 
| 248|0x000000008f800000, 0x000000008f900000, 0x000000008f900000|100%| E|CS|TAMS 0x000000008f800000, 0x000000008f800000| Complete 
| 249|0x000000008f900000, 0x000000008fa00000, 0x000000008fa00000|100%| E|CS|TAMS 0x000000008f900000, 0x000000008f900000| Complete 
| 250|0x000000008fa00000, 0x000000008fb00000, 0x000000008fb00000|100%| E|CS|TAMS 0x000000008fa00000, 0x000000008fa00000| Complete 
| 251|0x000000008fb00000, 0x000000008fc00000, 0x000000008fc00000|100%| E|CS|TAMS 0x000000008fb00000, 0x000000008fb00000| Complete 

Card table byte_map: [0x000001071efa0000,0x000001071f3a0000] _byte_map_base: 0x000001071eba0000

Marking Bits (Prev, Next): (CMBitMap*) 0x000001070b8794b0, (CMBitMap*) 0x000001070b879478
 Prev Bits: [0x00000107217a0000, 0x00000107237a0000)
 Next Bits: [0x000001071f7a0000, 0x00000107217a0000)

Polling page: 0x00000107097c0000

Metaspace:

Usage:
  Non-class:     22.28 MB capacity,    21.90 MB ( 98%) used,   340.92 KB (  1%) free+waste,    46.38 KB ( <1%) overhead. 
      Class:      3.42 MB capacity,     3.19 MB ( 93%) used,   211.41 KB (  6%) free+waste,    22.88 KB ( <1%) overhead. 
       Both:     25.69 MB capacity,    25.09 MB ( 98%) used,   552.34 KB (  2%) free+waste,    69.25 KB ( <1%) overhead. 

Virtual space:
  Non-class space:       24.00 MB reserved,      22.50 MB ( 94%) committed 
      Class space:        1.00 GB reserved,       3.50 MB ( <1%) committed 
             Both:        1.02 GB reserved,      26.00 MB (  2%) committed 

Chunk freelists:
   Non-Class:  38.00 KB
       Class:  20.00 KB
        Both:  58.00 KB

MaxMetaspaceSize: 17179869184.00 GB
CompressedClassSpaceSize: 1.00 GB

CodeHeap 'non-profiled nmethods': size=119168Kb used=1118Kb max_used=1118Kb free=118049Kb
 bounds [0x0000010716eb0000, 0x0000010717120000, 0x000001071e310000]
CodeHeap 'profiled nmethods': size=119168Kb used=5128Kb max_used=5128Kb free=114039Kb
 bounds [0x000001070fa50000, 0x000001070ff60000, 0x0000010716eb0000]
CodeHeap 'non-nmethods': size=7424Kb used=2842Kb max_used=2878Kb free=4581Kb
 bounds [0x000001070f310000, 0x000001070f5f0000, 0x000001070fa50000]
 total_blobs=2897 nmethods=2406 adapters=399
 compilation: enabled
              stopped_count=0, restarted_count=0
 full_count=0

Compilation events (20 events):
Event: 1.971 Thread 0x0000010728ee0800 2379       4       sun.security.provider.MD5::implCompress (1508 bytes)
Event: 1.981 Thread 0x0000010728ee0800 nmethod 2379 0x0000010716fb6b90 code [0x0000010716fb6d40, 0x0000010716fb79a8]
Event: 1.981 Thread 0x0000010728ee0800 2373       4       sun.security.provider.MD5::FF (33 bytes)
Event: 1.982 Thread 0x0000010728ee0800 nmethod 2373 0x0000010716fb7b90 code [0x0000010716fb7d20, 0x0000010716fb7d98]
Event: 1.982 Thread 0x0000010728ee0800 2374       4       sun.security.provider.MD5::GG (33 bytes)
Event: 1.982 Thread 0x0000010728ee0800 nmethod 2374 0x0000010716fb7e10 code [0x0000010716fb7fa0, 0x0000010716fb8018]
Event: 1.982 Thread 0x0000010728ee0800 2375       4       sun.security.provider.MD5::II (31 bytes)
Event: 1.982 Thread 0x0000010728ee0800 nmethod 2375 0x0000010716fb8090 code [0x0000010716fb8220, 0x0000010716fb8298]
Event: 1.982 Thread 0x0000010728ee0800 2376       4       sun.security.provider.MD5::HH (29 bytes)
Event: 1.982 Thread 0x0000010728ee0800 nmethod 2376 0x0000010716fb8310 code [0x0000010716fb84a0, 0x0000010716fb8518]
Event: 1.982 Thread 0x0000010728ee0800 2368       4       jdk.internal.ref.PhantomCleanable::<init> (49 bytes)
Event: 1.989 Thread 0x0000010728ee0800 nmethod 2368 0x0000010716fb8590 code [0x0000010716fb8740, 0x0000010716fb91f8]
Event: 1.989 Thread 0x0000010728ee0800 2388 %     4       sun.security.provider.DigestBase::implCompressMultiBlock0 @ 0 (23 bytes)
Event: 1.991 Thread 0x0000010728ee0800 nmethod 2388% 0x0000010716fb9510 code [0x0000010716fb96c0, 0x0000010716fb98f8]
Event: 1.992 Thread 0x0000010727f60800 2389       3       sun.security.provider.DigestBase::engineUpdate (189 bytes)
Event: 1.992 Thread 0x0000010727f60800 nmethod 2389 0x000001070ff4a690 code [0x000001070ff4a900, 0x000001070ff4b468]
Event: 1.993 Thread 0x0000010728ee0800 2390       4       sun.security.provider.DigestBase::implCompressMultiBlock0 (23 bytes)
Event: 1.994 Thread 0x0000010728ee0800 nmethod 2390 0x0000010716fb9a90 code [0x0000010716fb9c40, 0x0000010716fb9dd8]
Event: 2.000 Thread 0x0000010727061000 2391       1       java.util.concurrent.atomic.AtomicInteger::get (5 bytes)
Event: 2.001 Thread 0x0000010727061000 nmethod 2391 0x0000010716fb9f10 code [0x0000010716fba0c0, 0x0000010716fba178]

GC Heap History (6 events):
Event: 0.481 GC heap before
{Heap before GC invocations=0 (full 0):
 garbage-first heap   total 258048K, used 29696K [0x0000000080000000, 0x0000000100000000)
  region size 1024K, 24 young (24576K), 0 survivors (0K)
 Metaspace       used 10591K, capacity 10869K, committed 11008K, reserved 1058816K
  class space    used 1109K, capacity 1195K, committed 1280K, reserved 1048576K
}
Event: 0.484 GC heap after
{Heap after GC invocations=1 (full 0):
 garbage-first heap   total 258048K, used 9018K [0x0000000080000000, 0x0000000100000000)
  region size 1024K, 3 young (3072K), 3 survivors (3072K)
 Metaspace       used 10591K, capacity 10869K, committed 11008K, reserved 1058816K
  class space    used 1109K, capacity 1195K, committed 1280K, reserved 1048576K
}
Event: 1.667 GC heap before
{Heap before GC invocations=1 (full 0):
 garbage-first heap   total 258048K, used 88890K [0x0000000080000000, 0x0000000100000000)
  region size 1024K, 83 young (84992K), 3 survivors (3072K)
 Metaspace       used 20530K, capacity 21039K, committed 21248K, reserved 1069056K
  class space    used 2419K, capacity 2545K, committed 2560K, reserved 1048576K
}
Event: 1.672 GC heap after
{Heap after GC invocations=2 (full 0):
 garbage-first heap   total 258048K, used 15757K [0x0000000080000000, 0x0000000100000000)
  region size 1024K, 10 young (10240K), 10 survivors (10240K)
 Metaspace       used 20530K, capacity 21039K, committed 21248K, reserved 1069056K
  class space    used 2419K, capacity 2545K, committed 2560K, reserved 1048576K
}
Event: 1.895 GC heap before
{Heap before GC invocations=3 (full 0):
 garbage-first heap   total 258048K, used 51597K [0x0000000080000000, 0x0000000100000000)
  region size 1024K, 45 young (46080K), 10 survivors (10240K)
 Metaspace       used 24851K, capacity 25498K, committed 25728K, reserved 1071104K
  class space    used 3134K, capacity 3336K, committed 3456K, reserved 1048576K
}
Event: 1.899 GC heap after
{Heap after GC invocations=4 (full 0):
 garbage-first heap   total 258048K, used 17093K [0x0000000080000000, 0x0000000100000000)
  region size 1024K, 2 young (2048K), 2 survivors (2048K)
 Metaspace       used 24851K, capacity 25498K, committed 25728K, reserved 1071104K
  class space    used 3134K, capacity 3336K, committed 3456K, reserved 1048576K
}

Deoptimization events (20 events):
Event: 1.793 Thread 0x0000010728799000 DEOPT PACKING pc=0x0000010716f14654 sp=0x00000003725facc0
Event: 1.793 Thread 0x0000010728799000 DEOPT UNPACKING pc=0x000001070f3378af sp=0x00000003725fac40 mode 2
Event: 1.795 Thread 0x0000010728799000 Uncommon trap: trap_request=0xffffff4d fr.pc=0x0000010716f67e00 relative=0x0000000000000240
Event: 1.795 Thread 0x0000010728799000 Uncommon trap: reason=unstable_if action=reinterpret pc=0x0000010716f67e00 method=java.util.concurrent.ConcurrentHashMap.get(Ljava/lang/Object;)Ljava/lang/Object; @ 76 c2
Event: 1.795 Thread 0x0000010728799000 DEOPT PACKING pc=0x0000010716f67e00 sp=0x00000003725f8de0
Event: 1.795 Thread 0x0000010728799000 DEOPT UNPACKING pc=0x000001070f3378af sp=0x00000003725f8d48 mode 2
Event: 1.804 Thread 0x0000010728799000 Uncommon trap: trap_request=0xffffffcc fr.pc=0x0000010716f9a8f8 relative=0x00000000000002b8
Event: 1.804 Thread 0x0000010728799000 Uncommon trap: reason=intrinsic_or_type_checked_inlining action=make_not_entrant pc=0x0000010716f9a8f8 method=java.util.Arrays.copyOf([Ljava/lang/Object;ILjava/lang/Class;)[Ljava/lang/Object; @ 35 c2
Event: 1.804 Thread 0x0000010728799000 DEOPT PACKING pc=0x0000010716f9a8f8 sp=0x00000003725fb210
Event: 1.804 Thread 0x0000010728799000 DEOPT UNPACKING pc=0x000001070f3378af sp=0x00000003725fb1a0 mode 2
Event: 1.825 Thread 0x0000010728799000 Uncommon trap: trap_request=0xffffff4d fr.pc=0x0000010716eee910 relative=0x0000000000000450
Event: 1.825 Thread 0x0000010728799000 Uncommon trap: reason=unstable_if action=reinterpret pc=0x0000010716eee910 method=java.util.Properties$LineReader.readLine()I @ 249 c2
Event: 1.825 Thread 0x0000010728799000 DEOPT PACKING pc=0x0000010716eee910 sp=0x00000003725fb2d0
Event: 1.825 Thread 0x0000010728799000 DEOPT UNPACKING pc=0x000001070f3378af sp=0x00000003725fb260 mode 2
Event: 1.946 Thread 0x0000010728edc000 Uncommon trap: trap_request=0xffffffc6 fr.pc=0x0000010716fb0728 relative=0x0000000000001648
Event: 1.946 Thread 0x0000010728edc000 Uncommon trap: reason=bimorphic_or_optimized_type_check action=maybe_recompile pc=0x0000010716fb0728 method=java.io.DataOutputStream.writeShort(I)V @ 12 c2
Event: 1.946 Thread 0x0000010728edc000 DEOPT PACKING pc=0x0000010716fb0728 sp=0x0000000372bfe310
Event: 1.946 Thread 0x0000010728edc000 DEOPT UNPACKING pc=0x000001070f3378af sp=0x0000000372bfe338 mode 2
Event: 1.992 Thread 0x0000010728799000 DEOPT PACKING pc=0x000001070fda6d0f sp=0x00000003725fbd60
Event: 1.992 Thread 0x0000010728799000 DEOPT UNPACKING pc=0x000001070f3376ce sp=0x00000003725fb180 mode 0

Classes redefined (0 events):
No events

Internal exceptions (20 events):
Event: 1.478 Thread 0x0000010729172800 Exception <a 'java/lang/NoSuchMethodError'{0x000000008c2164e0}: <clinit>> (0x000000008c2164e0) thrown at [./src/hotspot/share/prims/jni.cpp, line 1362]
Event: 1.480 Thread 0x0000010729172800 Exception <a 'java/lang/NoSuchMethodError'{0x000000008c22bc60}: <clinit>> (0x000000008c22bc60) thrown at [./src/hotspot/share/prims/jni.cpp, line 1362]
Event: 1.486 Thread 0x0000010729172800 Exception <a 'java/lang/NoSuchMethodError'{0x000000008c281e28}: <clinit>> (0x000000008c281e28) thrown at [./src/hotspot/share/prims/jni.cpp, line 1362]
Event: 1.489 Thread 0x0000010729172800 Exception <a 'java/lang/NoSuchMethodError'{0x000000008c2af828}: <clinit>> (0x000000008c2af828) thrown at [./src/hotspot/share/prims/jni.cpp, line 1362]
Event: 1.491 Thread 0x0000010729172800 Exception <a 'java/lang/NoSuchMethodError'{0x000000008c2d82f8}: <clinit>> (0x000000008c2d82f8) thrown at [./src/hotspot/share/prims/jni.cpp, line 1362]
Event: 1.492 Thread 0x0000010729172800 Exception <a 'java/lang/NoSuchMethodError'{0x000000008c2e2d48}: <clinit>> (0x000000008c2e2d48) thrown at [./src/hotspot/share/prims/jni.cpp, line 1362]
Event: 1.528 Thread 0x0000010728799000 Exception <a 'java/lang/NoSuchMethodError'{0x000000008be52ef8}: 'void java.lang.invoke.DelegatingMethodHandle$Holder.reinvoke_L(java.lang.Object, java.lang.Object, java.lang.Object, java.lang.Object)'> (0x000000008be52ef8) thrown at [./src/hotspot/share/interpreter/linkResolver.cpp, line 773]
Event: 1.532 Thread 0x0000010728799000 Exception <a 'java/lang/NoSuchMethodError'{0x000000008be89948}: 'long java.lang.invoke.DirectMethodHandle$Holder.invokeInterface(java.lang.Object, java.lang.Object)'> (0x000000008be89948) thrown at [./src/hotspot/share/interpreter/linkResolver.cpp, line 773]
Event: 1.534 Thread 0x0000010728799000 Exception <a 'java/lang/NoSuchMethodError'{0x000000008bea9e60}: 'void java.lang.invoke.DelegatingMethodHandle$Holder.reinvoke_L(java.lang.Object, java.lang.Object, java.lang.Object, java.lang.Object, java.lang.Object, java.lang.Object, java.lang.Object)'> (0x000000008bea9e60) thrown at [./src/hotspot/share/interpreter/linkResolver.cpp, line 773]
Event: 1.575 Thread 0x0000010728799000 Exception <a 'java/lang/NoSuchMethodError'{0x000000008b63e8a8}: 'java.lang.Object java.lang.invoke.DirectMethodHandle$Holder.invokeVirtual(java.lang.Object, java.lang.Object, java.lang.Object)'> (0x000000008b63e8a8) thrown at [./src/hotspot/share/interpreter/linkResolver.cpp, line 773]
Event: 1.619 Thread 0x0000010728799000 Exception <a 'java/lang/NoSuchMethodError'{0x000000008b07afd0}: 'void java.lang.invoke.DirectMethodHandle$Holder.invokeStaticInit(java.lang.Object)'> (0x000000008b07afd0) thrown at [./src/hotspot/share/interpreter/linkResolver.cpp, line 773]
Event: 1.709 Thread 0x0000010728799000 Exception <a 'java/lang/NoSuchMethodError'{0x000000008f232270}: 'java.lang.Object java.lang.invoke.DirectMethodHandle$Holder.invokeVirtual(java.lang.Object, java.lang.Object, java.lang.Object, java.lang.Object)'> (0x000000008f232270) thrown at [./src/hotspot/share/interpreter/linkResolver.cpp, line 773]
Event: 1.736 Thread 0x0000010728799000 Exception <a 'java/lang/NoSuchMethodError'{0x000000008eff9738}: 'int java.lang.invoke.DirectMethodHandle$Holder.invokeSpecialIFC(java.lang.Object, java.lang.Object, java.lang.Object, java.lang.Object)'> (0x000000008eff9738) thrown at [./src/hotspot/share/interpreter/linkResolver.cpp, line 773]
Event: 1.737 Thread 0x0000010728799000 Exception <a 'java/lang/NoSuchMethodError'{0x000000008ee07d30}: 'java.lang.Object java.lang.invoke.DirectMethodHandle$Holder.invokeInterface(java.lang.Object, java.lang.Object, java.lang.Object)'> (0x000000008ee07d30) thrown at [./src/hotspot/share/interpreter/linkResolver.cpp, line 773]
Event: 1.737 Thread 0x0000010728799000 Exception <a 'java/lang/IncompatibleClassChangeError'{0x000000008ee0b4b0}: Found class java.lang.Object, but interface was expected> (0x000000008ee0b4b0) thrown at [./src/hotspot/share/interpreter/linkResolver.cpp, line 839]
Event: 1.807 Thread 0x0000010728799000 Exception <a 'java/lang/NoSuchMethodError'{0x000000008e58abf8}: 'void java.lang.invoke.DirectMethodHandle$Holder.invokeSpecial(java.lang.Object, java.lang.Object, java.lang.Object, java.lang.Object, java.lang.Object, java.lang.Object)'> (0x000000008e58abf8) thrown at [./src/hotspot/share/interpreter/linkResolver.cpp, line 773]
Event: 1.839 Thread 0x0000010728799000 Exception <a 'java/lang/NoSuchMethodError'{0x000000008e197fd8}: 'java.lang.Object java.lang.invoke.DirectMethodHandle$Holder.invokeSpecialIFC(java.lang.Object, java.lang.Object, java.lang.Object, java.lang.Object)'> (0x000000008e197fd8) thrown at [./src/hotspot/share/interpreter/linkResolver.cpp, line 773]
Event: 1.853 Thread 0x0000010728799000 Exception <a 'java/lang/NoSuchMethodError'{0x000000008df8bc58}: 'java.lang.Object java.lang.invoke.Invokers$Holder.invoker(java.lang.Object, java.lang.Object, java.lang.Object)'> (0x000000008df8bc58) thrown at [./src/hotspot/share/interpreter/linkResolver.cpp, line 773]
Event: 1.863 Thread 0x0000010728799000 Exception <a 'java/lang/NoSuchMethodError'{0x000000008de8e890}: 'void java.lang.invoke.DirectMethodHandle$Holder.invokeSpecial(java.lang.Object, java.lang.Object, java.lang.Object, java.lang.Object, java.lang.Object, java.lang.Object, java.lang.Object)'> (0x000000008de8e890) thrown at [./src/hotspot/share/interpreter/linkResolver.cpp, line 773]
Event: 1.863 Thread 0x0000010728799000 Exception <a 'java/lang/NoSuchMethodError'{0x000000008de9a0c8}: 'java.lang.Object java.lang.invoke.Invokers$Holder.linkToTargetMethod(java.lang.Object, java.lang.Object, java.lang.Object, java.lang.Object, java.lang.Object, java.lang.Object)'> (0x000000008de9a0c8) thrown at [./src/hotspot/share/interpreter/linkResolver.cpp, line 773]

Events (20 events):
Event: 1.947 loading class org/gradle/cache/internal/btree/BTreePersistentIndexedCache$Lookup done
Event: 1.947 loading class com/google/common/util/concurrent/Uninterruptibles
Event: 1.947 loading class com/google/common/util/concurrent/Uninterruptibles done
Event: 1.948 loading class com/google/common/util/concurrent/AbstractFuture$SetFuture
Event: 1.948 loading class com/google/common/util/concurrent/AbstractFuture$SetFuture done
Event: 1.948 loading class com/google/common/util/concurrent/AbstractFuture$Cancellation
Event: 1.948 loading class com/google/common/util/concurrent/AbstractFuture$Cancellation done
Event: 1.948 loading class com/google/common/util/concurrent/AbstractFuture$Failure
Event: 1.948 loading class com/google/common/util/concurrent/AbstractFuture$Failure done
Event: 1.948 loading class com/google/common/io/ByteStreams
Event: 1.948 loading class com/google/common/io/ByteStreams done
Event: 1.949 loading class com/google/common/io/ByteStreams$1
Event: 1.949 loading class com/google/common/io/ByteStreams$1 done
Event: 1.949 loading class com/google/common/io/ByteStreams$LimitedInputStream
Event: 1.949 loading class com/google/common/io/ByteStreams$LimitedInputStream done
Event: 1.949 loading class com/google/common/io/ByteArrayDataInput
Event: 1.949 loading class com/google/common/io/ByteArrayDataInput done
Event: 1.949 loading class com/google/common/io/ByteArrayDataOutput
Event: 1.949 loading class com/google/common/io/ByteArrayDataOutput done
Event: 1.969 Thread 0x0000010728ee0800 Thread added: 0x0000010728ee0800


Dynamic libraries:
0x00007ff7df160000 - 0x00007ff7df16a000 	E:\VehicleApplicationDevelopment\install\android\android-studio-2020.3.1.21-windows\android-studio\jre\bin\java.exe
0x00007ffb7da50000 - 0x00007ffb7dc67000 	C:\WINDOWS\SYSTEM32\ntdll.dll
0x00007ffb7bde0000 - 0x00007ffb7bea4000 	C:\WINDOWS\System32\KERNEL32.DLL
0x00007ffb7abc0000 - 0x00007ffb7af93000 	C:\WINDOWS\System32\KERNELBASE.dll
0x00007ffb7afa0000 - 0x00007ffb7b0b1000 	C:\WINDOWS\System32\ucrtbase.dll
0x00007ffb5c770000 - 0x00007ffb5c789000 	E:\VehicleApplicationDevelopment\install\android\android-studio-2020.3.1.21-windows\android-studio\jre\bin\jli.dll
0x00007ffb4ac00000 - 0x00007ffb4ac17000 	E:\VehicleApplicationDevelopment\install\android\android-studio-2020.3.1.21-windows\android-studio\jre\bin\VCRUNTIME140.dll
0x00007ffb7c3c0000 - 0x00007ffb7c571000 	C:\WINDOWS\System32\USER32.dll
0x00007ffb7b1b0000 - 0x00007ffb7b1d6000 	C:\WINDOWS\System32\win32u.dll
0x00007ffb7c390000 - 0x00007ffb7c3b9000 	C:\WINDOWS\System32\GDI32.dll
0x00007ffb7b5b0000 - 0x00007ffb7b6d2000 	C:\WINDOWS\System32\gdi32full.dll
0x00007ffb7b1e0000 - 0x00007ffb7b27a000 	C:\WINDOWS\System32\msvcp_win.dll
0x00007ffb57b60000 - 0x00007ffb57dfb000 	C:\WINDOWS\WinSxS\amd64_microsoft.windows.common-controls_6595b64144ccf1df_6.0.22621.5262_none_2712bde373830908\COMCTL32.dll
0x00007ffb7c610000 - 0x00007ffb7c6b7000 	C:\WINDOWS\System32\msvcrt.dll
0x00007ffb7c930000 - 0x00007ffb7c961000 	C:\WINDOWS\System32\IMM32.DLL
0x00007ffad3160000 - 0x00007ffad31fd000 	E:\VehicleApplicationDevelopment\install\android\android-studio-2020.3.1.21-windows\android-studio\jre\bin\msvcp140.dll
0x00007ffacd060000 - 0x00007ffacdb2f000 	E:\VehicleApplicationDevelopment\install\android\android-studio-2020.3.1.21-windows\android-studio\jre\bin\server\jvm.dll
0x00007ffb7beb0000 - 0x00007ffb7bf61000 	C:\WINDOWS\System32\ADVAPI32.dll
0x00007ffb7d2a0000 - 0x00007ffb7d347000 	C:\WINDOWS\System32\sechost.dll
0x00007ffb7b0c0000 - 0x00007ffb7b0e8000 	C:\WINDOWS\System32\bcrypt.dll
0x00007ffb7bcc0000 - 0x00007ffb7bdd4000 	C:\WINDOWS\System32\RPCRT4.dll
0x00007ffb7c600000 - 0x00007ffb7c608000 	C:\WINDOWS\System32\PSAPI.DLL
0x00007ffb714b0000 - 0x00007ffb714e4000 	C:\WINDOWS\SYSTEM32\WINMM.dll
0x00007ffb64e60000 - 0x00007ffb64e69000 	C:\WINDOWS\SYSTEM32\WSOCK32.dll
0x00007ffb63c60000 - 0x00007ffb63c6a000 	C:\WINDOWS\SYSTEM32\VERSION.dll
0x00007ffb7c310000 - 0x00007ffb7c381000 	C:\WINDOWS\System32\WS2_32.dll
0x00007ffb79c70000 - 0x00007ffb79c88000 	C:\WINDOWS\SYSTEM32\kernel.appcore.dll
0x00007ffb648a0000 - 0x00007ffb648b1000 	E:\VehicleApplicationDevelopment\install\android\android-studio-2020.3.1.21-windows\android-studio\jre\bin\verify.dll
0x00007ffb77d90000 - 0x00007ffb77fc2000 	C:\WINDOWS\SYSTEM32\DBGHELP.DLL
0x00007ffb7bf70000 - 0x00007ffb7c303000 	C:\WINDOWS\System32\combase.dll
0x00007ffb7b860000 - 0x00007ffb7b937000 	C:\WINDOWS\System32\OLEAUT32.dll
0x00007ffb583f0000 - 0x00007ffb58422000 	C:\WINDOWS\SYSTEM32\dbgcore.DLL
0x00007ffb7ab40000 - 0x00007ffb7abbb000 	C:\WINDOWS\System32\bcryptPrimitives.dll
0x00007ffb64800000 - 0x00007ffb64829000 	E:\VehicleApplicationDevelopment\install\android\android-studio-2020.3.1.21-windows\android-studio\jre\bin\java.dll
0x00007ffb648e0000 - 0x00007ffb648eb000 	E:\VehicleApplicationDevelopment\install\android\android-studio-2020.3.1.21-windows\android-studio\jre\bin\jimage.dll
0x00007ffb647e0000 - 0x00007ffb647f8000 	E:\VehicleApplicationDevelopment\install\android\android-studio-2020.3.1.21-windows\android-studio\jre\bin\zip.dll
0x00007ffb7ca00000 - 0x00007ffb7d29d000 	C:\WINDOWS\System32\SHELL32.dll
0x00007ffb7b470000 - 0x00007ffb7b5af000 	C:\WINDOWS\System32\wintypes.dll
0x00007ffb78a90000 - 0x00007ffb793ad000 	C:\WINDOWS\SYSTEM32\windows.storage.dll
0x00007ffb7bbb0000 - 0x00007ffb7bcbb000 	C:\WINDOWS\System32\SHCORE.dll
0x00007ffb7b6e0000 - 0x00007ffb7b746000 	C:\WINDOWS\System32\shlwapi.dll
0x00007ffb7aa70000 - 0x00007ffb7aa9b000 	C:\WINDOWS\SYSTEM32\profapi.dll
0x00007ffb647c0000 - 0x00007ffb647da000 	E:\VehicleApplicationDevelopment\install\android\android-studio-2020.3.1.21-windows\android-studio\jre\bin\net.dll
0x00007ffb72ea0000 - 0x00007ffb72fcc000 	C:\WINDOWS\SYSTEM32\WINHTTP.dll
0x00007ffb7a0f0000 - 0x00007ffb7a15a000 	C:\WINDOWS\system32\mswsock.dll
0x00007ffb60780000 - 0x00007ffb60794000 	E:\VehicleApplicationDevelopment\install\android\android-studio-2020.3.1.21-windows\android-studio\jre\bin\nio.dll
0x00007ffb6ff70000 - 0x00007ffb6ff9a000 	C:\Users\86182\.gradle\native\36\windows-amd64\native-platform.dll
0x00007ffb647b0000 - 0x00007ffb647ba000 	E:\VehicleApplicationDevelopment\install\android\android-studio-2020.3.1.21-windows\android-studio\jre\bin\management.dll
0x00007ffb62a60000 - 0x00007ffb62a6c000 	E:\VehicleApplicationDevelopment\install\android\android-studio-2020.3.1.21-windows\android-studio\jre\bin\management_ext.dll
0x00007ffb7a340000 - 0x00007ffb7a35b000 	C:\WINDOWS\SYSTEM32\CRYPTSP.dll
0x00007ffb79bd0000 - 0x00007ffb79c07000 	C:\WINDOWS\system32\rsaenh.dll
0x00007ffb7a1e0000 - 0x00007ffb7a208000 	C:\WINDOWS\SYSTEM32\USERENV.dll
0x00007ffb7a360000 - 0x00007ffb7a36c000 	C:\WINDOWS\SYSTEM32\CRYPTBASE.dll
0x00007ffb79680000 - 0x00007ffb796ad000 	C:\WINDOWS\SYSTEM32\IPHLPAPI.DLL
0x00007ffb7c580000 - 0x00007ffb7c589000 	C:\WINDOWS\System32\NSI.dll
0x00007ffb72d40000 - 0x00007ffb72d59000 	C:\WINDOWS\SYSTEM32\dhcpcsvc6.DLL
0x00007ffb72c70000 - 0x00007ffb72c8f000 	C:\WINDOWS\SYSTEM32\dhcpcsvc.DLL
0x00007ffb796b0000 - 0x00007ffb797a8000 	C:\WINDOWS\SYSTEM32\DNSAPI.dll

dbghelp: loaded successfully - version: 4.0.5 - missing functions: none
symbol engine: initialized successfully - sym options: 0x614 - pdb path: .;E:\VehicleApplicationDevelopment\install\android\android-studio-2020.3.1.21-windows\android-studio\jre\bin;C:\WINDOWS\SYSTEM32;C:\WINDOWS\WinSxS\amd64_microsoft.windows.common-controls_6595b64144ccf1df_6.0.22621.5262_none_2712bde373830908;E:\VehicleApplicationDevelopment\install\android\android-studio-2020.3.1.21-windows\android-studio\jre\bin\server;C:\Users\86182\.gradle\native\36\windows-amd64

VM Arguments:
jvm_args: --add-opens=java.base/java.util=ALL-UNNAMED --add-opens=java.base/java.lang=ALL-UNNAMED --add-opens=java.base/java.lang.invoke=ALL-UNNAMED --add-opens=java.prefs/java.util.prefs=ALL-UNNAMED -Xmx2048m -Dfile.encoding=UTF-8 -Duser.country=CN -Duser.language=zh -Duser.variant 
java_command: org.gradle.launcher.daemon.bootstrap.GradleDaemon 6.2.1
java_class_path (initial): C:\Users\86182\.gradle\wrapper\dists\gradle-6.2.1-bin\5m14x4d33sfxbtkeo25s43l8q\gradle-6.2.1\lib\gradle-launcher-6.2.1.jar
Launcher Type: SUN_STANDARD

[Global flags]
     intx CICompilerCount                          = 12                                        {product} {ergonomic}
     uint ConcGCThreads                            = 3                                         {product} {ergonomic}
     uint G1ConcRefinementThreads                  = 13                                        {product} {ergonomic}
   size_t G1HeapRegionSize                         = 1048576                                   {product} {ergonomic}
    uintx GCDrainStackTargetSize                   = 64                                        {product} {ergonomic}
   size_t InitialHeapSize                          = 264241152                                 {product} {ergonomic}
   size_t MarkStackSize                            = 4194304                                   {product} {ergonomic}
   size_t MaxHeapSize                              = 2147483648                                {product} {command line}
   size_t MaxNewSize                               = 1287651328                                {product} {ergonomic}
   size_t MinHeapDeltaBytes                        = 1048576                                   {product} {ergonomic}
    uintx NonNMethodCodeHeapSize                   = 7594288                                {pd product} {ergonomic}
    uintx NonProfiledCodeHeapSize                  = 122031976                              {pd product} {ergonomic}
    uintx ProfiledCodeHeapSize                     = 122031976                              {pd product} {ergonomic}
    uintx ReservedCodeCacheSize                    = 251658240                              {pd product} {ergonomic}
     bool SegmentedCodeCache                       = true                                      {product} {ergonomic}
     bool UseCompressedClassPointers               = true                                 {lp64_product} {ergonomic}
     bool UseCompressedOops                        = true                                 {lp64_product} {ergonomic}
     bool UseG1GC                                  = true                                      {product} {ergonomic}
     bool UseLargePagesIndividualAllocation        = false                                  {pd product} {ergonomic}

Logging:
Log output configuration:
 #0: stdout all=warning uptime,level,tags
 #1: stderr all=off uptime,level,tags

Environment Variables:
JAVA_HOME=F:\jdk8u312
PATH=C:\Program Files (x86)\Common Files\Oracle\Java\javapath;C:\Program Files (x86)\VMware\VMware Workstation\bin\;C:\WINDOWS\system32;C:\WINDOWS;C:\WINDOWS\System32\Wbem;C:\WINDOWS\System32\WindowsPowerShell\v1.0\;C:\WINDOWS\System32\OpenSSH\;C:\Program Files (x86)\Microsoft SQL Server\100\Tools\Binn\;C:\Program Files\Microsoft SQL Server\100\Tools\Binn\;C:\Program Files\Microsoft SQL Server\100\DTS\Binn\;C:\Program Files (x86)\STMicroelectronics\STM32 ST-LINK Utility\ST-LINK Utility;F:\智能网联感知识别系统开发综合实训\软件\software\Git\cmd;F:\jdk8u312;F:\jdk8u312\bin;F:\jdk8u312\jre\bin;E:\Comprensivetrainingofsystemdevelopment\software\install\bin;E:\QQxx\softwaredevelopment\citymatch\install\nodejs_huanjing\;E:\MYSQL\mysql-8.0.16-winx64;E:\MYSQL\mysql-8.0.16-winx64\bin;D:\Python38\Scripts;D:\Python38;C:\Users\86182\AppData\Local\Microsoft\WindowsApps;F:\9.13 实验二\PyCharm Community Edition 2023.1.1\bin;F:\智能网联感知识别系统开发综合实训\软件\software\developTools\GNU MCU Eclipse\Build Tools\2.11-20180428-1604\bin;F:\智能网联感知识别系统开发综合实训\软件\software\developTools\GNU Tools Arm Embedded\7 2018-q2-update\bin;F:\智能网联感知识别系统开发综合实训\软件\software\developTools\openocd\bin;F:\智能网联无线通信技术\software\D\developTools\GNU MCU Eclipse\Build Tools\2.11-20180428-1604\bin;F:\智能网联无线通信技术\software\D\developTools\GNU Tools Arm Embedded\7 2018-q2-update\bin;F:\智能网联无线通信技术\software\D\developTools\openocd\bin;F:\jdk8u312;F:\jdk8u312\bin;F:\jdk8u312\jre\bin;C:\ADB;F:\Android\Jave\software\Java\IntelliJ IDEA 2021.1.1\bin;F:\softwaertesting\install\pycharm\PyCharm Community Edition 2024.2\bin;F:\softwaertesting\install\chandao\xampp\mysql\bin;E:\VehicleApplicationDevelopment\install\android\android-studio-2020.3.1.21-windows\android-studio\jre\bin;E:\VehicleApplicationDevelopment\install\android\platform-tools;F:\softwaertesting\install\Fiddler;C:\Users\86182\AppData\Roaming\npm;F:\Espressif\Microsoft VS Code\Microsoft VS Code\bin;F:\so
USERNAME=86182
OS=Windows_NT
PROCESSOR_IDENTIFIER=Intel64 Family 6 Model 154 Stepping 3, GenuineIntel



---------------  S Y S T E M  ---------------

OS: Windows 10 , 64 bit Build 22621 (10.0.22621.5262)
OS uptime: 0 days 2:20 hours

CPU:total 16 (initial active 16) (8 cores per cpu, 2 threads per core) family 6 model 154 stepping 3 microcode 0x41e, cmov, cx8, fxsr, mmx, sse, sse2, sse3, ssse3, sse4.1, sse4.2, popcnt, avx, avx2, aes, clmul, erms, 3dnowpref, lzcnt, ht, tsc, tscinvbit, bmi1, bmi2, adx, sha, fma

Memory: 4k page, system-wide physical 16109M (2763M free)
TotalPageFile size 19039M (AvailPageFile size 11M)
current process WorkingSet (physical memory assigned to process): 241M, peak: 247M
current process commit charge ("private bytes"): 439M, peak: 447M

vm_info: OpenJDK 64-Bit Server VM (11.0.10+0-b96-7249189) for windows-amd64 JRE (11.0.10+0-b96-7249189), built on Mar 31 2021 21:44:00 by "builder" with MS VC++ 14.0 (VS2015)

END.
